The system is: Windows - 10.0.19043 - AMD64
Compiling the C compiler identification source file "CMakeCCompilerId.c" succeeded.
Compiler: C:/Program Files (x86)/Microsoft Visual Studio/2019/Community/VC/Tools/MSVC/14.27.29110/bin/Hostx86/x86/cl.exe 
Build flags: 
Id flags:  

The output was:
0
Microsoft (R) C/C++ Optimizing Compiler Version 19.27.29112 for x86
Copyright (C) Microsoft Corporation.  All rights reserved.

CMakeCCompilerId.c
Microsoft (R) Incremental Linker Version 14.27.29112.0
Copyright (C) Microsoft Corporation.  All rights reserved.

/out:CMakeCCompilerId.exe 
CMakeCCompilerId.obj 


Compilation of the C compiler identification source "CMakeCCompilerId.c" produced "CMakeCCompilerId.exe"

Compilation of the C compiler identification source "CMakeCCompilerId.c" produced "CMakeCCompilerId.obj"

The C compiler identification is MSVC, found in "C:/Users/dvir3/CLionProjects/Project-Karl-Landau3/cmake-build-debug/CMakeFiles/3.20.2/CompilerIdC/CMakeCCompilerId.exe"

Compiling the CXX compiler identification source file "CMakeCXXCompilerId.cpp" succeeded.
Compiler: C:/Program Files (x86)/Microsoft Visual Studio/2019/Community/VC/Tools/MSVC/14.27.29110/bin/Hostx86/x86/cl.exe 
Build flags: 
Id flags:  

The output was:
0
Microsoft (R) C/C++ Optimizing Compiler Version 19.27.29112 for x86
Copyright (C) Microsoft Corporation.  All rights reserved.

CMakeCXXCompilerId.cpp
Microsoft (R) Incremental Linker Version 14.27.29112.0
Copyright (C) Microsoft Corporation.  All rights reserved.

/out:CMakeCXXCompilerId.exe 
CMakeCXXCompilerId.obj 


Compilation of the CXX compiler identification source "CMakeCXXCompilerId.cpp" produced "CMakeCXXCompilerId.exe"

Compilation of the CXX compiler identification source "CMakeCXXCompilerId.cpp" produced "CMakeCXXCompilerId.obj"

The CXX compiler identification is MSVC, found in "C:/Users/dvir3/CLionProjects/Project-Karl-Landau3/cmake-build-debug/CMakeFiles/3.20.2/CompilerIdCXX/CMakeCXXCompilerId.exe"

Detecting C compiler ABI info compiled with the following output:
Change Dir: C:/Users/dvir3/CLionProjects/Project-Karl-Landau3/cmake-build-debug/CMakeFiles/CMakeTmp

Run Build Command(s):nmake -f Makefile /nologo cmTC_0512f\fast && 	"C:\Program Files (x86)\Microsoft Visual Studio\2019\Community\VC\Tools\MSVC\14.27.29110\bin\HostX86\x86\nmake.exe"  -f CMakeFiles\cmTC_0512f.dir\build.make /nologo -L                  CMakeFiles\cmTC_0512f.dir\build
Building C object CMakeFiles/cmTC_0512f.dir/CMakeCCompilerABI.c.obj
	"C:\Program Files\JetBrains\CLion 2021.2.2\bin\cmake\win\bin\cmake.exe" -E cmake_cl_compile_depends --dep-file=CMakeFiles\cmTC_0512f.dir\CMakeCCompilerABI.c.obj.d --working-dir=C:\Users\dvir3\CLionProjects\Project-Karl-Landau3\cmake-build-debug\CMakeFiles\CMakeTmp --filter-prefix="" -- "C:\PROGRA~2\Microsoft Visual Studio\2019\Community\VC\Tools\MSVC\14.27.29110\bin\Hostx86\x86\cl.exe" @C:\Users\dvir3\AppData\Local\Temp\nm1347.tmp
Linking C executable cmTC_0512f.exe
	"C:\Program Files\JetBrains\CLion 2021.2.2\bin\cmake\win\bin\cmake.exe" -E vs_link_exe --intdir=CMakeFiles\cmTC_0512f.dir --rc="C:\PROGRA~2\Windows Kits\10\bin\10.0.18362.0\x86\rc.exe" --mt="C:\PROGRA~2\Windows Kits\10\bin\10.0.18362.0\x86\mt.exe" --manifests -- "C:\PROGRA~2\Microsoft Visual Studio\2019\Community\VC\Tools\MSVC\14.27.29110\bin\Hostx86\x86\link.exe" /nologo @CMakeFiles\cmTC_0512f.dir\objects1.rsp @C:\Users\dvir3\AppData\Local\Temp\nm175F.tmp



Detecting CXX compiler ABI info compiled with the following output:
Change Dir: C:/Users/dvir3/CLionProjects/Project-Karl-Landau3/cmake-build-debug/CMakeFiles/CMakeTmp

Run Build Command(s):nmake -f Makefile /nologo cmTC_7551a\fast && 	"C:\Program Files (x86)\Microsoft Visual Studio\2019\Community\VC\Tools\MSVC\14.27.29110\bin\HostX86\x86\nmake.exe"  -f CMakeFiles\cmTC_7551a.dir\build.make /nologo -L                  CMakeFiles\cmTC_7551a.dir\build
Building CXX object CMakeFiles/cmTC_7551a.dir/CMakeCXXCompilerABI.cpp.obj
	"C:\Program Files\JetBrains\CLion 2021.2.2\bin\cmake\win\bin\cmake.exe" -E cmake_cl_compile_depends --dep-file=CMakeFiles\cmTC_7551a.dir\CMakeCXXCompilerABI.cpp.obj.d --working-dir=C:\Users\dvir3\CLionProjects\Project-Karl-Landau3\cmake-build-debug\CMakeFiles\CMakeTmp --filter-prefix="" -- "C:\PROGRA~2\Microsoft Visual Studio\2019\Community\VC\Tools\MSVC\14.27.29110\bin\Hostx86\x86\cl.exe" @C:\Users\dvir3\AppData\Local\Temp\nm1FE9.tmp
Linking CXX executable cmTC_7551a.exe
	"C:\Program Files\JetBrains\CLion 2021.2.2\bin\cmake\win\bin\cmake.exe" -E vs_link_exe --intdir=CMakeFiles\cmTC_7551a.dir --rc="C:\PROGRA~2\Windows Kits\10\bin\10.0.18362.0\x86\rc.exe" --mt="C:\PROGRA~2\Windows Kits\10\bin\10.0.18362.0\x86\mt.exe" --manifests -- "C:\PROGRA~2\Microsoft Visual Studio\2019\Community\VC\Tools\MSVC\14.27.29110\bin\Hostx86\x86\link.exe" /nologo @CMakeFiles\cmTC_7551a.dir\objects1.rsp @C:\Users\dvir3\AppData\Local\Temp\nm21A0.tmp



